running egg_info
creating build/fsm_waypoint/fsm_waypoint.egg-info
writing build/fsm_waypoint/fsm_waypoint.egg-info/PKG-INFO
writing dependency_links to build/fsm_waypoint/fsm_waypoint.egg-info/dependency_links.txt
writing entry points to build/fsm_waypoint/fsm_waypoint.egg-info/entry_points.txt
writing requirements to build/fsm_waypoint/fsm_waypoint.egg-info/requires.txt
writing top-level names to build/fsm_waypoint/fsm_waypoint.egg-info/top_level.txt
writing manifest file 'build/fsm_waypoint/fsm_waypoint.egg-info/SOURCES.txt'
reading manifest file 'build/fsm_waypoint/fsm_waypoint.egg-info/SOURCES.txt'
writing manifest file 'build/fsm_waypoint/fsm_waypoint.egg-info/SOURCES.txt'
running build
running build_py
creating /home/zeta/rmf_demos_server/fsm_waypoint/build/fsm_waypoint/build
creating /home/zeta/rmf_demos_server/fsm_waypoint/build/fsm_waypoint/build/lib
creating /home/zeta/rmf_demos_server/fsm_waypoint/build/fsm_waypoint/build/lib/fsm_waypoint
copying fsm_waypoint/fsm_waypoint_node.py -> /home/zeta/rmf_demos_server/fsm_waypoint/build/fsm_waypoint/build/lib/fsm_waypoint
copying fsm_waypoint/__init__.py -> /home/zeta/rmf_demos_server/fsm_waypoint/build/fsm_waypoint/build/lib/fsm_waypoint
creating /home/zeta/rmf_demos_server/fsm_waypoint/build/fsm_waypoint/build/lib/fsm_waypoint/states
copying fsm_waypoint/states/__init__.py -> /home/zeta/rmf_demos_server/fsm_waypoint/build/fsm_waypoint/build/lib/fsm_waypoint/states
creating /home/zeta/rmf_demos_server/fsm_waypoint/build/fsm_waypoint/build/lib/fsm_waypoint/utils
copying fsm_waypoint/utils/concurrence_callback.py -> /home/zeta/rmf_demos_server/fsm_waypoint/build/fsm_waypoint/build/lib/fsm_waypoint/utils
copying fsm_waypoint/utils/logger2.py -> /home/zeta/rmf_demos_server/fsm_waypoint/build/fsm_waypoint/build/lib/fsm_waypoint/utils
copying fsm_waypoint/utils/__init__.py -> /home/zeta/rmf_demos_server/fsm_waypoint/build/fsm_waypoint/build/lib/fsm_waypoint/utils
copying fsm_waypoint/utils/blackboard.py -> /home/zeta/rmf_demos_server/fsm_waypoint/build/fsm_waypoint/build/lib/fsm_waypoint/utils
copying fsm_waypoint/utils/gps_utils.py -> /home/zeta/rmf_demos_server/fsm_waypoint/build/fsm_waypoint/build/lib/fsm_waypoint/utils
creating /home/zeta/rmf_demos_server/fsm_waypoint/build/fsm_waypoint/build/lib/fsm_waypoint/scenario
copying fsm_waypoint/scenario/obstacle.py -> /home/zeta/rmf_demos_server/fsm_waypoint/build/fsm_waypoint/build/lib/fsm_waypoint/scenario
copying fsm_waypoint/scenario/update.py -> /home/zeta/rmf_demos_server/fsm_waypoint/build/fsm_waypoint/build/lib/fsm_waypoint/scenario
copying fsm_waypoint/scenario/waypoint.py -> /home/zeta/rmf_demos_server/fsm_waypoint/build/fsm_waypoint/build/lib/fsm_waypoint/scenario
copying fsm_waypoint/scenario/bearing.py -> /home/zeta/rmf_demos_server/fsm_waypoint/build/fsm_waypoint/build/lib/fsm_waypoint/scenario
copying fsm_waypoint/scenario/repath.py -> /home/zeta/rmf_demos_server/fsm_waypoint/build/fsm_waypoint/build/lib/fsm_waypoint/scenario
copying fsm_waypoint/scenario/rewaypoint.py -> /home/zeta/rmf_demos_server/fsm_waypoint/build/fsm_waypoint/build/lib/fsm_waypoint/scenario
copying fsm_waypoint/scenario/__init__.py -> /home/zeta/rmf_demos_server/fsm_waypoint/build/fsm_waypoint/build/lib/fsm_waypoint/scenario
copying fsm_waypoint/scenario/create.py -> /home/zeta/rmf_demos_server/fsm_waypoint/build/fsm_waypoint/build/lib/fsm_waypoint/scenario
copying fsm_waypoint/scenario/bringup.py -> /home/zeta/rmf_demos_server/fsm_waypoint/build/fsm_waypoint/build/lib/fsm_waypoint/scenario
copying fsm_waypoint/scenario/ready.py -> /home/zeta/rmf_demos_server/fsm_waypoint/build/fsm_waypoint/build/lib/fsm_waypoint/scenario
copying fsm_waypoint/scenario/path.py -> /home/zeta/rmf_demos_server/fsm_waypoint/build/fsm_waypoint/build/lib/fsm_waypoint/scenario
creating /home/zeta/rmf_demos_server/fsm_waypoint/build/fsm_waypoint/build/lib/fsm_waypoint/tasks
copying fsm_waypoint/tasks/wss_command.py -> /home/zeta/rmf_demos_server/fsm_waypoint/build/fsm_waypoint/build/lib/fsm_waypoint/tasks
copying fsm_waypoint/tasks/emergency_stop.py -> /home/zeta/rmf_demos_server/fsm_waypoint/build/fsm_waypoint/build/lib/fsm_waypoint/tasks
copying fsm_waypoint/tasks/gps_wheel_control.py -> /home/zeta/rmf_demos_server/fsm_waypoint/build/fsm_waypoint/build/lib/fsm_waypoint/tasks
copying fsm_waypoint/tasks/update_waypoint.py -> /home/zeta/rmf_demos_server/fsm_waypoint/build/fsm_waypoint/build/lib/fsm_waypoint/tasks
copying fsm_waypoint/tasks/initialize_bearing.py -> /home/zeta/rmf_demos_server/fsm_waypoint/build/fsm_waypoint/build/lib/fsm_waypoint/tasks
copying fsm_waypoint/tasks/create_waypoint.py -> /home/zeta/rmf_demos_server/fsm_waypoint/build/fsm_waypoint/build/lib/fsm_waypoint/tasks
copying fsm_waypoint/tasks/network_error.py -> /home/zeta/rmf_demos_server/fsm_waypoint/build/fsm_waypoint/build/lib/fsm_waypoint/tasks
copying fsm_waypoint/tasks/follow_gps_path.py -> /home/zeta/rmf_demos_server/fsm_waypoint/build/fsm_waypoint/build/lib/fsm_waypoint/tasks
copying fsm_waypoint/tasks/__init__.py -> /home/zeta/rmf_demos_server/fsm_waypoint/build/fsm_waypoint/build/lib/fsm_waypoint/tasks
copying fsm_waypoint/tasks/detect_object.py -> /home/zeta/rmf_demos_server/fsm_waypoint/build/fsm_waypoint/build/lib/fsm_waypoint/tasks
copying fsm_waypoint/tasks/spin_once.py -> /home/zeta/rmf_demos_server/fsm_waypoint/build/fsm_waypoint/build/lib/fsm_waypoint/tasks
copying fsm_waypoint/tasks/planner_select.py -> /home/zeta/rmf_demos_server/fsm_waypoint/build/fsm_waypoint/build/lib/fsm_waypoint/tasks
creating /home/zeta/rmf_demos_server/fsm_waypoint/build/fsm_waypoint/build/lib/fsm_waypoint/states/navigator
copying fsm_waypoint/states/navigator/FollowGpsWaypointsByGeopose.py -> /home/zeta/rmf_demos_server/fsm_waypoint/build/fsm_waypoint/build/lib/fsm_waypoint/states/navigator
copying fsm_waypoint/states/navigator/GoToPose.py -> /home/zeta/rmf_demos_server/fsm_waypoint/build/fsm_waypoint/build/lib/fsm_waypoint/states/navigator
copying fsm_waypoint/states/navigator/RMFGoToPose.py -> /home/zeta/rmf_demos_server/fsm_waypoint/build/fsm_waypoint/build/lib/fsm_waypoint/states/navigator
copying fsm_waypoint/states/navigator/GpsWheelControlByCalculation.py -> /home/zeta/rmf_demos_server/fsm_waypoint/build/fsm_waypoint/build/lib/fsm_waypoint/states/navigator
copying fsm_waypoint/states/navigator/__init__.py -> /home/zeta/rmf_demos_server/fsm_waypoint/build/fsm_waypoint/build/lib/fsm_waypoint/states/navigator
copying fsm_waypoint/states/navigator/RMFNavToPose.py -> /home/zeta/rmf_demos_server/fsm_waypoint/build/fsm_waypoint/build/lib/fsm_waypoint/states/navigator
copying fsm_waypoint/states/navigator/FollowGpsWaypointsBySnapshot.py -> /home/zeta/rmf_demos_server/fsm_waypoint/build/fsm_waypoint/build/lib/fsm_waypoint/states/navigator
copying fsm_waypoint/states/navigator/GpsWheelControlByWaypoint.py -> /home/zeta/rmf_demos_server/fsm_waypoint/build/fsm_waypoint/build/lib/fsm_waypoint/states/navigator
creating /home/zeta/rmf_demos_server/fsm_waypoint/build/fsm_waypoint/build/lib/fsm_waypoint/states/publisher
copying fsm_waypoint/states/publisher/RMFRobotState.py -> /home/zeta/rmf_demos_server/fsm_waypoint/build/fsm_waypoint/build/lib/fsm_waypoint/states/publisher
copying fsm_waypoint/states/publisher/ChangePlannerSelect.py -> /home/zeta/rmf_demos_server/fsm_waypoint/build/fsm_waypoint/build/lib/fsm_waypoint/states/publisher
copying fsm_waypoint/states/publisher/RestartPM2.py -> /home/zeta/rmf_demos_server/fsm_waypoint/build/fsm_waypoint/build/lib/fsm_waypoint/states/publisher
copying fsm_waypoint/states/publisher/AccessoryActionClient.py -> /home/zeta/rmf_demos_server/fsm_waypoint/build/fsm_waypoint/build/lib/fsm_waypoint/states/publisher
copying fsm_waypoint/states/publisher/SoundPlay.py -> /home/zeta/rmf_demos_server/fsm_waypoint/build/fsm_waypoint/build/lib/fsm_waypoint/states/publisher
copying fsm_waypoint/states/publisher/WheelControl.py -> /home/zeta/rmf_demos_server/fsm_waypoint/build/fsm_waypoint/build/lib/fsm_waypoint/states/publisher
copying fsm_waypoint/states/publisher/__init__.py -> /home/zeta/rmf_demos_server/fsm_waypoint/build/fsm_waypoint/build/lib/fsm_waypoint/states/publisher
copying fsm_waypoint/states/publisher/CaptureImageClient.py -> /home/zeta/rmf_demos_server/fsm_waypoint/build/fsm_waypoint/build/lib/fsm_waypoint/states/publisher
copying fsm_waypoint/states/publisher/FleetManager.py -> /home/zeta/rmf_demos_server/fsm_waypoint/build/fsm_waypoint/build/lib/fsm_waypoint/states/publisher
creating /home/zeta/rmf_demos_server/fsm_waypoint/build/fsm_waypoint/build/lib/fsm_waypoint/states/subscriber
copying fsm_waypoint/states/subscriber/GetAccessoryStatus.py -> /home/zeta/rmf_demos_server/fsm_waypoint/build/fsm_waypoint/build/lib/fsm_waypoint/states/subscriber
copying fsm_waypoint/states/subscriber/CheckReleaseFromRecovery.py -> /home/zeta/rmf_demos_server/fsm_waypoint/build/fsm_waypoint/build/lib/fsm_waypoint/states/subscriber
copying fsm_waypoint/states/subscriber/GetRobotID.py -> /home/zeta/rmf_demos_server/fsm_waypoint/build/fsm_waypoint/build/lib/fsm_waypoint/states/subscriber
copying fsm_waypoint/states/subscriber/GetWssNavFnCommand.py -> /home/zeta/rmf_demos_server/fsm_waypoint/build/fsm_waypoint/build/lib/fsm_waypoint/states/subscriber
copying fsm_waypoint/states/subscriber/CheckAccuracy.py -> /home/zeta/rmf_demos_server/fsm_waypoint/build/fsm_waypoint/build/lib/fsm_waypoint/states/subscriber
copying fsm_waypoint/states/subscriber/GetBumperEmergency.py -> /home/zeta/rmf_demos_server/fsm_waypoint/build/fsm_waypoint/build/lib/fsm_waypoint/states/subscriber
copying fsm_waypoint/states/subscriber/GetA012Emergency.py -> /home/zeta/rmf_demos_server/fsm_waypoint/build/fsm_waypoint/build/lib/fsm_waypoint/states/subscriber
copying fsm_waypoint/states/subscriber/GetWssCancelCommand.py -> /home/zeta/rmf_demos_server/fsm_waypoint/build/fsm_waypoint/build/lib/fsm_waypoint/states/subscriber
copying fsm_waypoint/states/subscriber/GetA012Release.py -> /home/zeta/rmf_demos_server/fsm_waypoint/build/fsm_waypoint/build/lib/fsm_waypoint/states/subscriber
copying fsm_waypoint/states/subscriber/CheckObjectDetect.py -> /home/zeta/rmf_demos_server/fsm_waypoint/build/fsm_waypoint/build/lib/fsm_waypoint/states/subscriber
copying fsm_waypoint/states/subscriber/GetBumperRelease.py -> /home/zeta/rmf_demos_server/fsm_waypoint/build/fsm_waypoint/build/lib/fsm_waypoint/states/subscriber
copying fsm_waypoint/states/subscriber/GetNetworkStatus.py -> /home/zeta/rmf_demos_server/fsm_waypoint/build/fsm_waypoint/build/lib/fsm_waypoint/states/subscriber
copying fsm_waypoint/states/subscriber/GetWssCommand.py -> /home/zeta/rmf_demos_server/fsm_waypoint/build/fsm_waypoint/build/lib/fsm_waypoint/states/subscriber
copying fsm_waypoint/states/subscriber/__init__.py -> /home/zeta/rmf_demos_server/fsm_waypoint/build/fsm_waypoint/build/lib/fsm_waypoint/states/subscriber
copying fsm_waypoint/states/subscriber/RobotStateSubscriber.py -> /home/zeta/rmf_demos_server/fsm_waypoint/build/fsm_waypoint/build/lib/fsm_waypoint/states/subscriber
copying fsm_waypoint/states/subscriber/CheckAlertFromRecovery.py -> /home/zeta/rmf_demos_server/fsm_waypoint/build/fsm_waypoint/build/lib/fsm_waypoint/states/subscriber
copying fsm_waypoint/states/subscriber/GetGpsFiltered.py -> /home/zeta/rmf_demos_server/fsm_waypoint/build/fsm_waypoint/build/lib/fsm_waypoint/states/subscriber
copying fsm_waypoint/states/subscriber/CheckGlobalCostmap.py -> /home/zeta/rmf_demos_server/fsm_waypoint/build/fsm_waypoint/build/lib/fsm_waypoint/states/subscriber
copying fsm_waypoint/states/subscriber/GetRobotHeading.py -> /home/zeta/rmf_demos_server/fsm_waypoint/build/fsm_waypoint/build/lib/fsm_waypoint/states/subscriber
creating /home/zeta/rmf_demos_server/fsm_waypoint/build/fsm_waypoint/build/lib/fsm_waypoint/states/lib
copying fsm_waypoint/states/lib/CheckPingNetwork.py -> /home/zeta/rmf_demos_server/fsm_waypoint/build/fsm_waypoint/build/lib/fsm_waypoint/states/lib
copying fsm_waypoint/states/lib/CheckLifecycleStates.py -> /home/zeta/rmf_demos_server/fsm_waypoint/build/fsm_waypoint/build/lib/fsm_waypoint/states/lib
copying fsm_waypoint/states/lib/PreemptedTimeout.py -> /home/zeta/rmf_demos_server/fsm_waypoint/build/fsm_waypoint/build/lib/fsm_waypoint/states/lib
copying fsm_waypoint/states/lib/__init__.py -> /home/zeta/rmf_demos_server/fsm_waypoint/build/fsm_waypoint/build/lib/fsm_waypoint/states/lib
copying fsm_waypoint/states/lib/CalculateBearing.py -> /home/zeta/rmf_demos_server/fsm_waypoint/build/fsm_waypoint/build/lib/fsm_waypoint/states/lib
copying fsm_waypoint/states/lib/RunSpinOnce.py -> /home/zeta/rmf_demos_server/fsm_waypoint/build/fsm_waypoint/build/lib/fsm_waypoint/states/lib
copying fsm_waypoint/states/lib/UpdateWaypoint.py -> /home/zeta/rmf_demos_server/fsm_waypoint/build/fsm_waypoint/build/lib/fsm_waypoint/states/lib
copying fsm_waypoint/states/lib/LoadingWaypoints.py -> /home/zeta/rmf_demos_server/fsm_waypoint/build/fsm_waypoint/build/lib/fsm_waypoint/states/lib
copying fsm_waypoint/states/lib/CreateWaypoint.py -> /home/zeta/rmf_demos_server/fsm_waypoint/build/fsm_waypoint/build/lib/fsm_waypoint/states/lib
running install
running install_lib
creating /home/zeta/rmf_demos_server/fsm_waypoint/install/fsm_waypoint/lib/python3.10/site-packages/fsm_waypoint
creating /home/zeta/rmf_demos_server/fsm_waypoint/install/fsm_waypoint/lib/python3.10/site-packages/fsm_waypoint/states
creating /home/zeta/rmf_demos_server/fsm_waypoint/install/fsm_waypoint/lib/python3.10/site-packages/fsm_waypoint/states/navigator
copying /home/zeta/rmf_demos_server/fsm_waypoint/build/fsm_waypoint/build/lib/fsm_waypoint/states/navigator/FollowGpsWaypointsByGeopose.py -> /home/zeta/rmf_demos_server/fsm_waypoint/install/fsm_waypoint/lib/python3.10/site-packages/fsm_waypoint/states/navigator
copying /home/zeta/rmf_demos_server/fsm_waypoint/build/fsm_waypoint/build/lib/fsm_waypoint/states/navigator/GoToPose.py -> /home/zeta/rmf_demos_server/fsm_waypoint/install/fsm_waypoint/lib/python3.10/site-packages/fsm_waypoint/states/navigator
copying /home/zeta/rmf_demos_server/fsm_waypoint/build/fsm_waypoint/build/lib/fsm_waypoint/states/navigator/RMFGoToPose.py -> /home/zeta/rmf_demos_server/fsm_waypoint/install/fsm_waypoint/lib/python3.10/site-packages/fsm_waypoint/states/navigator
copying /home/zeta/rmf_demos_server/fsm_waypoint/build/fsm_waypoint/build/lib/fsm_waypoint/states/navigator/GpsWheelControlByCalculation.py -> /home/zeta/rmf_demos_server/fsm_waypoint/install/fsm_waypoint/lib/python3.10/site-packages/fsm_waypoint/states/navigator
copying /home/zeta/rmf_demos_server/fsm_waypoint/build/fsm_waypoint/build/lib/fsm_waypoint/states/navigator/__init__.py -> /home/zeta/rmf_demos_server/fsm_waypoint/install/fsm_waypoint/lib/python3.10/site-packages/fsm_waypoint/states/navigator
copying /home/zeta/rmf_demos_server/fsm_waypoint/build/fsm_waypoint/build/lib/fsm_waypoint/states/navigator/RMFNavToPose.py -> /home/zeta/rmf_demos_server/fsm_waypoint/install/fsm_waypoint/lib/python3.10/site-packages/fsm_waypoint/states/navigator
copying /home/zeta/rmf_demos_server/fsm_waypoint/build/fsm_waypoint/build/lib/fsm_waypoint/states/navigator/FollowGpsWaypointsBySnapshot.py -> /home/zeta/rmf_demos_server/fsm_waypoint/install/fsm_waypoint/lib/python3.10/site-packages/fsm_waypoint/states/navigator
copying /home/zeta/rmf_demos_server/fsm_waypoint/build/fsm_waypoint/build/lib/fsm_waypoint/states/navigator/GpsWheelControlByWaypoint.py -> /home/zeta/rmf_demos_server/fsm_waypoint/install/fsm_waypoint/lib/python3.10/site-packages/fsm_waypoint/states/navigator
creating /home/zeta/rmf_demos_server/fsm_waypoint/install/fsm_waypoint/lib/python3.10/site-packages/fsm_waypoint/states/publisher
copying /home/zeta/rmf_demos_server/fsm_waypoint/build/fsm_waypoint/build/lib/fsm_waypoint/states/publisher/RMFRobotState.py -> /home/zeta/rmf_demos_server/fsm_waypoint/install/fsm_waypoint/lib/python3.10/site-packages/fsm_waypoint/states/publisher
copying /home/zeta/rmf_demos_server/fsm_waypoint/build/fsm_waypoint/build/lib/fsm_waypoint/states/publisher/ChangePlannerSelect.py -> /home/zeta/rmf_demos_server/fsm_waypoint/install/fsm_waypoint/lib/python3.10/site-packages/fsm_waypoint/states/publisher
copying /home/zeta/rmf_demos_server/fsm_waypoint/build/fsm_waypoint/build/lib/fsm_waypoint/states/publisher/RestartPM2.py -> /home/zeta/rmf_demos_server/fsm_waypoint/install/fsm_waypoint/lib/python3.10/site-packages/fsm_waypoint/states/publisher
copying /home/zeta/rmf_demos_server/fsm_waypoint/build/fsm_waypoint/build/lib/fsm_waypoint/states/publisher/AccessoryActionClient.py -> /home/zeta/rmf_demos_server/fsm_waypoint/install/fsm_waypoint/lib/python3.10/site-packages/fsm_waypoint/states/publisher
copying /home/zeta/rmf_demos_server/fsm_waypoint/build/fsm_waypoint/build/lib/fsm_waypoint/states/publisher/SoundPlay.py -> /home/zeta/rmf_demos_server/fsm_waypoint/install/fsm_waypoint/lib/python3.10/site-packages/fsm_waypoint/states/publisher
copying /home/zeta/rmf_demos_server/fsm_waypoint/build/fsm_waypoint/build/lib/fsm_waypoint/states/publisher/WheelControl.py -> /home/zeta/rmf_demos_server/fsm_waypoint/install/fsm_waypoint/lib/python3.10/site-packages/fsm_waypoint/states/publisher
copying /home/zeta/rmf_demos_server/fsm_waypoint/build/fsm_waypoint/build/lib/fsm_waypoint/states/publisher/__init__.py -> /home/zeta/rmf_demos_server/fsm_waypoint/install/fsm_waypoint/lib/python3.10/site-packages/fsm_waypoint/states/publisher
copying /home/zeta/rmf_demos_server/fsm_waypoint/build/fsm_waypoint/build/lib/fsm_waypoint/states/publisher/CaptureImageClient.py -> /home/zeta/rmf_demos_server/fsm_waypoint/install/fsm_waypoint/lib/python3.10/site-packages/fsm_waypoint/states/publisher
copying /home/zeta/rmf_demos_server/fsm_waypoint/build/fsm_waypoint/build/lib/fsm_waypoint/states/publisher/FleetManager.py -> /home/zeta/rmf_demos_server/fsm_waypoint/install/fsm_waypoint/lib/python3.10/site-packages/fsm_waypoint/states/publisher
copying /home/zeta/rmf_demos_server/fsm_waypoint/build/fsm_waypoint/build/lib/fsm_waypoint/states/__init__.py -> /home/zeta/rmf_demos_server/fsm_waypoint/install/fsm_waypoint/lib/python3.10/site-packages/fsm_waypoint/states
creating /home/zeta/rmf_demos_server/fsm_waypoint/install/fsm_waypoint/lib/python3.10/site-packages/fsm_waypoint/states/subscriber
copying /home/zeta/rmf_demos_server/fsm_waypoint/build/fsm_waypoint/build/lib/fsm_waypoint/states/subscriber/GetAccessoryStatus.py -> /home/zeta/rmf_demos_server/fsm_waypoint/install/fsm_waypoint/lib/python3.10/site-packages/fsm_waypoint/states/subscriber
copying /home/zeta/rmf_demos_server/fsm_waypoint/build/fsm_waypoint/build/lib/fsm_waypoint/states/subscriber/CheckReleaseFromRecovery.py -> /home/zeta/rmf_demos_server/fsm_waypoint/install/fsm_waypoint/lib/python3.10/site-packages/fsm_waypoint/states/subscriber
copying /home/zeta/rmf_demos_server/fsm_waypoint/build/fsm_waypoint/build/lib/fsm_waypoint/states/subscriber/GetRobotID.py -> /home/zeta/rmf_demos_server/fsm_waypoint/install/fsm_waypoint/lib/python3.10/site-packages/fsm_waypoint/states/subscriber
copying /home/zeta/rmf_demos_server/fsm_waypoint/build/fsm_waypoint/build/lib/fsm_waypoint/states/subscriber/GetWssNavFnCommand.py -> /home/zeta/rmf_demos_server/fsm_waypoint/install/fsm_waypoint/lib/python3.10/site-packages/fsm_waypoint/states/subscriber
copying /home/zeta/rmf_demos_server/fsm_waypoint/build/fsm_waypoint/build/lib/fsm_waypoint/states/subscriber/CheckAccuracy.py -> /home/zeta/rmf_demos_server/fsm_waypoint/install/fsm_waypoint/lib/python3.10/site-packages/fsm_waypoint/states/subscriber
copying /home/zeta/rmf_demos_server/fsm_waypoint/build/fsm_waypoint/build/lib/fsm_waypoint/states/subscriber/GetBumperEmergency.py -> /home/zeta/rmf_demos_server/fsm_waypoint/install/fsm_waypoint/lib/python3.10/site-packages/fsm_waypoint/states/subscriber
copying /home/zeta/rmf_demos_server/fsm_waypoint/build/fsm_waypoint/build/lib/fsm_waypoint/states/subscriber/GetA012Emergency.py -> /home/zeta/rmf_demos_server/fsm_waypoint/install/fsm_waypoint/lib/python3.10/site-packages/fsm_waypoint/states/subscriber
copying /home/zeta/rmf_demos_server/fsm_waypoint/build/fsm_waypoint/build/lib/fsm_waypoint/states/subscriber/GetWssCancelCommand.py -> /home/zeta/rmf_demos_server/fsm_waypoint/install/fsm_waypoint/lib/python3.10/site-packages/fsm_waypoint/states/subscriber
copying /home/zeta/rmf_demos_server/fsm_waypoint/build/fsm_waypoint/build/lib/fsm_waypoint/states/subscriber/GetA012Release.py -> /home/zeta/rmf_demos_server/fsm_waypoint/install/fsm_waypoint/lib/python3.10/site-packages/fsm_waypoint/states/subscriber
copying /home/zeta/rmf_demos_server/fsm_waypoint/build/fsm_waypoint/build/lib/fsm_waypoint/states/subscriber/CheckObjectDetect.py -> /home/zeta/rmf_demos_server/fsm_waypoint/install/fsm_waypoint/lib/python3.10/site-packages/fsm_waypoint/states/subscriber
copying /home/zeta/rmf_demos_server/fsm_waypoint/build/fsm_waypoint/build/lib/fsm_waypoint/states/subscriber/GetBumperRelease.py -> /home/zeta/rmf_demos_server/fsm_waypoint/install/fsm_waypoint/lib/python3.10/site-packages/fsm_waypoint/states/subscriber
copying /home/zeta/rmf_demos_server/fsm_waypoint/build/fsm_waypoint/build/lib/fsm_waypoint/states/subscriber/GetNetworkStatus.py -> /home/zeta/rmf_demos_server/fsm_waypoint/install/fsm_waypoint/lib/python3.10/site-packages/fsm_waypoint/states/subscriber
copying /home/zeta/rmf_demos_server/fsm_waypoint/build/fsm_waypoint/build/lib/fsm_waypoint/states/subscriber/GetWssCommand.py -> /home/zeta/rmf_demos_server/fsm_waypoint/install/fsm_waypoint/lib/python3.10/site-packages/fsm_waypoint/states/subscriber
copying /home/zeta/rmf_demos_server/fsm_waypoint/build/fsm_waypoint/build/lib/fsm_waypoint/states/subscriber/__init__.py -> /home/zeta/rmf_demos_server/fsm_waypoint/install/fsm_waypoint/lib/python3.10/site-packages/fsm_waypoint/states/subscriber
copying /home/zeta/rmf_demos_server/fsm_waypoint/build/fsm_waypoint/build/lib/fsm_waypoint/states/subscriber/RobotStateSubscriber.py -> /home/zeta/rmf_demos_server/fsm_waypoint/install/fsm_waypoint/lib/python3.10/site-packages/fsm_waypoint/states/subscriber
copying /home/zeta/rmf_demos_server/fsm_waypoint/build/fsm_waypoint/build/lib/fsm_waypoint/states/subscriber/CheckAlertFromRecovery.py -> /home/zeta/rmf_demos_server/fsm_waypoint/install/fsm_waypoint/lib/python3.10/site-packages/fsm_waypoint/states/subscriber
copying /home/zeta/rmf_demos_server/fsm_waypoint/build/fsm_waypoint/build/lib/fsm_waypoint/states/subscriber/GetGpsFiltered.py -> /home/zeta/rmf_demos_server/fsm_waypoint/install/fsm_waypoint/lib/python3.10/site-packages/fsm_waypoint/states/subscriber
copying /home/zeta/rmf_demos_server/fsm_waypoint/build/fsm_waypoint/build/lib/fsm_waypoint/states/subscriber/CheckGlobalCostmap.py -> /home/zeta/rmf_demos_server/fsm_waypoint/install/fsm_waypoint/lib/python3.10/site-packages/fsm_waypoint/states/subscriber
copying /home/zeta/rmf_demos_server/fsm_waypoint/build/fsm_waypoint/build/lib/fsm_waypoint/states/subscriber/GetRobotHeading.py -> /home/zeta/rmf_demos_server/fsm_waypoint/install/fsm_waypoint/lib/python3.10/site-packages/fsm_waypoint/states/subscriber
creating /home/zeta/rmf_demos_server/fsm_waypoint/install/fsm_waypoint/lib/python3.10/site-packages/fsm_waypoint/states/lib
copying /home/zeta/rmf_demos_server/fsm_waypoint/build/fsm_waypoint/build/lib/fsm_waypoint/states/lib/CheckPingNetwork.py -> /home/zeta/rmf_demos_server/fsm_waypoint/install/fsm_waypoint/lib/python3.10/site-packages/fsm_waypoint/states/lib
copying /home/zeta/rmf_demos_server/fsm_waypoint/build/fsm_waypoint/build/lib/fsm_waypoint/states/lib/CheckLifecycleStates.py -> /home/zeta/rmf_demos_server/fsm_waypoint/install/fsm_waypoint/lib/python3.10/site-packages/fsm_waypoint/states/lib
copying /home/zeta/rmf_demos_server/fsm_waypoint/build/fsm_waypoint/build/lib/fsm_waypoint/states/lib/PreemptedTimeout.py -> /home/zeta/rmf_demos_server/fsm_waypoint/install/fsm_waypoint/lib/python3.10/site-packages/fsm_waypoint/states/lib
copying /home/zeta/rmf_demos_server/fsm_waypoint/build/fsm_waypoint/build/lib/fsm_waypoint/states/lib/__init__.py -> /home/zeta/rmf_demos_server/fsm_waypoint/install/fsm_waypoint/lib/python3.10/site-packages/fsm_waypoint/states/lib
copying /home/zeta/rmf_demos_server/fsm_waypoint/build/fsm_waypoint/build/lib/fsm_waypoint/states/lib/CalculateBearing.py -> /home/zeta/rmf_demos_server/fsm_waypoint/install/fsm_waypoint/lib/python3.10/site-packages/fsm_waypoint/states/lib
copying /home/zeta/rmf_demos_server/fsm_waypoint/build/fsm_waypoint/build/lib/fsm_waypoint/states/lib/RunSpinOnce.py -> /home/zeta/rmf_demos_server/fsm_waypoint/install/fsm_waypoint/lib/python3.10/site-packages/fsm_waypoint/states/lib
copying /home/zeta/rmf_demos_server/fsm_waypoint/build/fsm_waypoint/build/lib/fsm_waypoint/states/lib/UpdateWaypoint.py -> /home/zeta/rmf_demos_server/fsm_waypoint/install/fsm_waypoint/lib/python3.10/site-packages/fsm_waypoint/states/lib
copying /home/zeta/rmf_demos_server/fsm_waypoint/build/fsm_waypoint/build/lib/fsm_waypoint/states/lib/LoadingWaypoints.py -> /home/zeta/rmf_demos_server/fsm_waypoint/install/fsm_waypoint/lib/python3.10/site-packages/fsm_waypoint/states/lib
copying /home/zeta/rmf_demos_server/fsm_waypoint/build/fsm_waypoint/build/lib/fsm_waypoint/states/lib/CreateWaypoint.py -> /home/zeta/rmf_demos_server/fsm_waypoint/install/fsm_waypoint/lib/python3.10/site-packages/fsm_waypoint/states/lib
copying /home/zeta/rmf_demos_server/fsm_waypoint/build/fsm_waypoint/build/lib/fsm_waypoint/fsm_waypoint_node.py -> /home/zeta/rmf_demos_server/fsm_waypoint/install/fsm_waypoint/lib/python3.10/site-packages/fsm_waypoint
creating /home/zeta/rmf_demos_server/fsm_waypoint/install/fsm_waypoint/lib/python3.10/site-packages/fsm_waypoint/utils
copying /home/zeta/rmf_demos_server/fsm_waypoint/build/fsm_waypoint/build/lib/fsm_waypoint/utils/concurrence_callback.py -> /home/zeta/rmf_demos_server/fsm_waypoint/install/fsm_waypoint/lib/python3.10/site-packages/fsm_waypoint/utils
copying /home/zeta/rmf_demos_server/fsm_waypoint/build/fsm_waypoint/build/lib/fsm_waypoint/utils/logger2.py -> /home/zeta/rmf_demos_server/fsm_waypoint/install/fsm_waypoint/lib/python3.10/site-packages/fsm_waypoint/utils
copying /home/zeta/rmf_demos_server/fsm_waypoint/build/fsm_waypoint/build/lib/fsm_waypoint/utils/__init__.py -> /home/zeta/rmf_demos_server/fsm_waypoint/install/fsm_waypoint/lib/python3.10/site-packages/fsm_waypoint/utils
copying /home/zeta/rmf_demos_server/fsm_waypoint/build/fsm_waypoint/build/lib/fsm_waypoint/utils/blackboard.py -> /home/zeta/rmf_demos_server/fsm_waypoint/install/fsm_waypoint/lib/python3.10/site-packages/fsm_waypoint/utils
copying /home/zeta/rmf_demos_server/fsm_waypoint/build/fsm_waypoint/build/lib/fsm_waypoint/utils/gps_utils.py -> /home/zeta/rmf_demos_server/fsm_waypoint/install/fsm_waypoint/lib/python3.10/site-packages/fsm_waypoint/utils
creating /home/zeta/rmf_demos_server/fsm_waypoint/install/fsm_waypoint/lib/python3.10/site-packages/fsm_waypoint/scenario
copying /home/zeta/rmf_demos_server/fsm_waypoint/build/fsm_waypoint/build/lib/fsm_waypoint/scenario/obstacle.py -> /home/zeta/rmf_demos_server/fsm_waypoint/install/fsm_waypoint/lib/python3.10/site-packages/fsm_waypoint/scenario
copying /home/zeta/rmf_demos_server/fsm_waypoint/build/fsm_waypoint/build/lib/fsm_waypoint/scenario/update.py -> /home/zeta/rmf_demos_server/fsm_waypoint/install/fsm_waypoint/lib/python3.10/site-packages/fsm_waypoint/scenario
copying /home/zeta/rmf_demos_server/fsm_waypoint/build/fsm_waypoint/build/lib/fsm_waypoint/scenario/waypoint.py -> /home/zeta/rmf_demos_server/fsm_waypoint/install/fsm_waypoint/lib/python3.10/site-packages/fsm_waypoint/scenario
copying /home/zeta/rmf_demos_server/fsm_waypoint/build/fsm_waypoint/build/lib/fsm_waypoint/scenario/bearing.py -> /home/zeta/rmf_demos_server/fsm_waypoint/install/fsm_waypoint/lib/python3.10/site-packages/fsm_waypoint/scenario
copying /home/zeta/rmf_demos_server/fsm_waypoint/build/fsm_waypoint/build/lib/fsm_waypoint/scenario/repath.py -> /home/zeta/rmf_demos_server/fsm_waypoint/install/fsm_waypoint/lib/python3.10/site-packages/fsm_waypoint/scenario
copying /home/zeta/rmf_demos_server/fsm_waypoint/build/fsm_waypoint/build/lib/fsm_waypoint/scenario/rewaypoint.py -> /home/zeta/rmf_demos_server/fsm_waypoint/install/fsm_waypoint/lib/python3.10/site-packages/fsm_waypoint/scenario
copying /home/zeta/rmf_demos_server/fsm_waypoint/build/fsm_waypoint/build/lib/fsm_waypoint/scenario/__init__.py -> /home/zeta/rmf_demos_server/fsm_waypoint/install/fsm_waypoint/lib/python3.10/site-packages/fsm_waypoint/scenario
copying /home/zeta/rmf_demos_server/fsm_waypoint/build/fsm_waypoint/build/lib/fsm_waypoint/scenario/create.py -> /home/zeta/rmf_demos_server/fsm_waypoint/install/fsm_waypoint/lib/python3.10/site-packages/fsm_waypoint/scenario
copying /home/zeta/rmf_demos_server/fsm_waypoint/build/fsm_waypoint/build/lib/fsm_waypoint/scenario/bringup.py -> /home/zeta/rmf_demos_server/fsm_waypoint/install/fsm_waypoint/lib/python3.10/site-packages/fsm_waypoint/scenario
copying /home/zeta/rmf_demos_server/fsm_waypoint/build/fsm_waypoint/build/lib/fsm_waypoint/scenario/ready.py -> /home/zeta/rmf_demos_server/fsm_waypoint/install/fsm_waypoint/lib/python3.10/site-packages/fsm_waypoint/scenario
copying /home/zeta/rmf_demos_server/fsm_waypoint/build/fsm_waypoint/build/lib/fsm_waypoint/scenario/path.py -> /home/zeta/rmf_demos_server/fsm_waypoint/install/fsm_waypoint/lib/python3.10/site-packages/fsm_waypoint/scenario
copying /home/zeta/rmf_demos_server/fsm_waypoint/build/fsm_waypoint/build/lib/fsm_waypoint/__init__.py -> /home/zeta/rmf_demos_server/fsm_waypoint/install/fsm_waypoint/lib/python3.10/site-packages/fsm_waypoint
creating /home/zeta/rmf_demos_server/fsm_waypoint/install/fsm_waypoint/lib/python3.10/site-packages/fsm_waypoint/tasks
copying /home/zeta/rmf_demos_server/fsm_waypoint/build/fsm_waypoint/build/lib/fsm_waypoint/tasks/wss_command.py -> /home/zeta/rmf_demos_server/fsm_waypoint/install/fsm_waypoint/lib/python3.10/site-packages/fsm_waypoint/tasks
copying /home/zeta/rmf_demos_server/fsm_waypoint/build/fsm_waypoint/build/lib/fsm_waypoint/tasks/emergency_stop.py -> /home/zeta/rmf_demos_server/fsm_waypoint/install/fsm_waypoint/lib/python3.10/site-packages/fsm_waypoint/tasks
copying /home/zeta/rmf_demos_server/fsm_waypoint/build/fsm_waypoint/build/lib/fsm_waypoint/tasks/gps_wheel_control.py -> /home/zeta/rmf_demos_server/fsm_waypoint/install/fsm_waypoint/lib/python3.10/site-packages/fsm_waypoint/tasks
copying /home/zeta/rmf_demos_server/fsm_waypoint/build/fsm_waypoint/build/lib/fsm_waypoint/tasks/update_waypoint.py -> /home/zeta/rmf_demos_server/fsm_waypoint/install/fsm_waypoint/lib/python3.10/site-packages/fsm_waypoint/tasks
copying /home/zeta/rmf_demos_server/fsm_waypoint/build/fsm_waypoint/build/lib/fsm_waypoint/tasks/initialize_bearing.py -> /home/zeta/rmf_demos_server/fsm_waypoint/install/fsm_waypoint/lib/python3.10/site-packages/fsm_waypoint/tasks
copying /home/zeta/rmf_demos_server/fsm_waypoint/build/fsm_waypoint/build/lib/fsm_waypoint/tasks/create_waypoint.py -> /home/zeta/rmf_demos_server/fsm_waypoint/install/fsm_waypoint/lib/python3.10/site-packages/fsm_waypoint/tasks
copying /home/zeta/rmf_demos_server/fsm_waypoint/build/fsm_waypoint/build/lib/fsm_waypoint/tasks/network_error.py -> /home/zeta/rmf_demos_server/fsm_waypoint/install/fsm_waypoint/lib/python3.10/site-packages/fsm_waypoint/tasks
copying /home/zeta/rmf_demos_server/fsm_waypoint/build/fsm_waypoint/build/lib/fsm_waypoint/tasks/follow_gps_path.py -> /home/zeta/rmf_demos_server/fsm_waypoint/install/fsm_waypoint/lib/python3.10/site-packages/fsm_waypoint/tasks
copying /home/zeta/rmf_demos_server/fsm_waypoint/build/fsm_waypoint/build/lib/fsm_waypoint/tasks/__init__.py -> /home/zeta/rmf_demos_server/fsm_waypoint/install/fsm_waypoint/lib/python3.10/site-packages/fsm_waypoint/tasks
copying /home/zeta/rmf_demos_server/fsm_waypoint/build/fsm_waypoint/build/lib/fsm_waypoint/tasks/detect_object.py -> /home/zeta/rmf_demos_server/fsm_waypoint/install/fsm_waypoint/lib/python3.10/site-packages/fsm_waypoint/tasks
copying /home/zeta/rmf_demos_server/fsm_waypoint/build/fsm_waypoint/build/lib/fsm_waypoint/tasks/spin_once.py -> /home/zeta/rmf_demos_server/fsm_waypoint/install/fsm_waypoint/lib/python3.10/site-packages/fsm_waypoint/tasks
copying /home/zeta/rmf_demos_server/fsm_waypoint/build/fsm_waypoint/build/lib/fsm_waypoint/tasks/planner_select.py -> /home/zeta/rmf_demos_server/fsm_waypoint/install/fsm_waypoint/lib/python3.10/site-packages/fsm_waypoint/tasks
byte-compiling /home/zeta/rmf_demos_server/fsm_waypoint/install/fsm_waypoint/lib/python3.10/site-packages/fsm_waypoint/states/navigator/FollowGpsWaypointsByGeopose.py to FollowGpsWaypointsByGeopose.cpython-310.pyc
byte-compiling /home/zeta/rmf_demos_server/fsm_waypoint/install/fsm_waypoint/lib/python3.10/site-packages/fsm_waypoint/states/navigator/GoToPose.py to GoToPose.cpython-310.pyc
byte-compiling /home/zeta/rmf_demos_server/fsm_waypoint/install/fsm_waypoint/lib/python3.10/site-packages/fsm_waypoint/states/navigator/RMFGoToPose.py to RMFGoToPose.cpython-310.pyc
byte-compiling /home/zeta/rmf_demos_server/fsm_waypoint/install/fsm_waypoint/lib/python3.10/site-packages/fsm_waypoint/states/navigator/GpsWheelControlByCalculation.py to GpsWheelControlByCalculation.cpython-310.pyc
byte-compiling /home/zeta/rmf_demos_server/fsm_waypoint/install/fsm_waypoint/lib/python3.10/site-packages/fsm_waypoint/states/navigator/__init__.py to __init__.cpython-310.pyc
byte-compiling /home/zeta/rmf_demos_server/fsm_waypoint/install/fsm_waypoint/lib/python3.10/site-packages/fsm_waypoint/states/navigator/RMFNavToPose.py to RMFNavToPose.cpython-310.pyc
byte-compiling /home/zeta/rmf_demos_server/fsm_waypoint/install/fsm_waypoint/lib/python3.10/site-packages/fsm_waypoint/states/navigator/FollowGpsWaypointsBySnapshot.py to FollowGpsWaypointsBySnapshot.cpython-310.pyc
byte-compiling /home/zeta/rmf_demos_server/fsm_waypoint/install/fsm_waypoint/lib/python3.10/site-packages/fsm_waypoint/states/navigator/GpsWheelControlByWaypoint.py to GpsWheelControlByWaypoint.cpython-310.pyc
byte-compiling /home/zeta/rmf_demos_server/fsm_waypoint/install/fsm_waypoint/lib/python3.10/site-packages/fsm_waypoint/states/publisher/RMFRobotState.py to RMFRobotState.cpython-310.pyc
byte-compiling /home/zeta/rmf_demos_server/fsm_waypoint/install/fsm_waypoint/lib/python3.10/site-packages/fsm_waypoint/states/publisher/ChangePlannerSelect.py to ChangePlannerSelect.cpython-310.pyc
byte-compiling /home/zeta/rmf_demos_server/fsm_waypoint/install/fsm_waypoint/lib/python3.10/site-packages/fsm_waypoint/states/publisher/RestartPM2.py to RestartPM2.cpython-310.pyc
byte-compiling /home/zeta/rmf_demos_server/fsm_waypoint/install/fsm_waypoint/lib/python3.10/site-packages/fsm_waypoint/states/publisher/AccessoryActionClient.py to AccessoryActionClient.cpython-310.pyc
byte-compiling /home/zeta/rmf_demos_server/fsm_waypoint/install/fsm_waypoint/lib/python3.10/site-packages/fsm_waypoint/states/publisher/SoundPlay.py to SoundPlay.cpython-310.pyc
byte-compiling /home/zeta/rmf_demos_server/fsm_waypoint/install/fsm_waypoint/lib/python3.10/site-packages/fsm_waypoint/states/publisher/WheelControl.py to WheelControl.cpython-310.pyc
byte-compiling /home/zeta/rmf_demos_server/fsm_waypoint/install/fsm_waypoint/lib/python3.10/site-packages/fsm_waypoint/states/publisher/__init__.py to __init__.cpython-310.pyc
byte-compiling /home/zeta/rmf_demos_server/fsm_waypoint/install/fsm_waypoint/lib/python3.10/site-packages/fsm_waypoint/states/publisher/CaptureImageClient.py to CaptureImageClient.cpython-310.pyc
byte-compiling /home/zeta/rmf_demos_server/fsm_waypoint/install/fsm_waypoint/lib/python3.10/site-packages/fsm_waypoint/states/publisher/FleetManager.py to FleetManager.cpython-310.pyc
byte-compiling /home/zeta/rmf_demos_server/fsm_waypoint/install/fsm_waypoint/lib/python3.10/site-packages/fsm_waypoint/states/__init__.py to __init__.cpython-310.pyc
byte-compiling /home/zeta/rmf_demos_server/fsm_waypoint/install/fsm_waypoint/lib/python3.10/site-packages/fsm_waypoint/states/subscriber/GetAccessoryStatus.py to GetAccessoryStatus.cpython-310.pyc
byte-compiling /home/zeta/rmf_demos_server/fsm_waypoint/install/fsm_waypoint/lib/python3.10/site-packages/fsm_waypoint/states/subscriber/CheckReleaseFromRecovery.py to CheckReleaseFromRecovery.cpython-310.pyc
byte-compiling /home/zeta/rmf_demos_server/fsm_waypoint/install/fsm_waypoint/lib/python3.10/site-packages/fsm_waypoint/states/subscriber/GetRobotID.py to GetRobotID.cpython-310.pyc
byte-compiling /home/zeta/rmf_demos_server/fsm_waypoint/install/fsm_waypoint/lib/python3.10/site-packages/fsm_waypoint/states/subscriber/GetWssNavFnCommand.py to GetWssNavFnCommand.cpython-310.pyc
byte-compiling /home/zeta/rmf_demos_server/fsm_waypoint/install/fsm_waypoint/lib/python3.10/site-packages/fsm_waypoint/states/subscriber/CheckAccuracy.py to CheckAccuracy.cpython-310.pyc
byte-compiling /home/zeta/rmf_demos_server/fsm_waypoint/install/fsm_waypoint/lib/python3.10/site-packages/fsm_waypoint/states/subscriber/GetBumperEmergency.py to GetBumperEmergency.cpython-310.pyc
byte-compiling /home/zeta/rmf_demos_server/fsm_waypoint/install/fsm_waypoint/lib/python3.10/site-packages/fsm_waypoint/states/subscriber/GetA012Emergency.py to GetA012Emergency.cpython-310.pyc
byte-compiling /home/zeta/rmf_demos_server/fsm_waypoint/install/fsm_waypoint/lib/python3.10/site-packages/fsm_waypoint/states/subscriber/GetWssCancelCommand.py to GetWssCancelCommand.cpython-310.pyc
byte-compiling /home/zeta/rmf_demos_server/fsm_waypoint/install/fsm_waypoint/lib/python3.10/site-packages/fsm_waypoint/states/subscriber/GetA012Release.py to GetA012Release.cpython-310.pyc
byte-compiling /home/zeta/rmf_demos_server/fsm_waypoint/install/fsm_waypoint/lib/python3.10/site-packages/fsm_waypoint/states/subscriber/CheckObjectDetect.py to CheckObjectDetect.cpython-310.pyc
byte-compiling /home/zeta/rmf_demos_server/fsm_waypoint/install/fsm_waypoint/lib/python3.10/site-packages/fsm_waypoint/states/subscriber/GetBumperRelease.py to GetBumperRelease.cpython-310.pyc
byte-compiling /home/zeta/rmf_demos_server/fsm_waypoint/install/fsm_waypoint/lib/python3.10/site-packages/fsm_waypoint/states/subscriber/GetNetworkStatus.py to GetNetworkStatus.cpython-310.pyc
byte-compiling /home/zeta/rmf_demos_server/fsm_waypoint/install/fsm_waypoint/lib/python3.10/site-packages/fsm_waypoint/states/subscriber/GetWssCommand.py to GetWssCommand.cpython-310.pyc
byte-compiling /home/zeta/rmf_demos_server/fsm_waypoint/install/fsm_waypoint/lib/python3.10/site-packages/fsm_waypoint/states/subscriber/__init__.py to __init__.cpython-310.pyc
byte-compiling /home/zeta/rmf_demos_server/fsm_waypoint/install/fsm_waypoint/lib/python3.10/site-packages/fsm_waypoint/states/subscriber/RobotStateSubscriber.py to RobotStateSubscriber.cpython-310.pyc
byte-compiling /home/zeta/rmf_demos_server/fsm_waypoint/install/fsm_waypoint/lib/python3.10/site-packages/fsm_waypoint/states/subscriber/CheckAlertFromRecovery.py to CheckAlertFromRecovery.cpython-310.pyc
byte-compiling /home/zeta/rmf_demos_server/fsm_waypoint/install/fsm_waypoint/lib/python3.10/site-packages/fsm_waypoint/states/subscriber/GetGpsFiltered.py to GetGpsFiltered.cpython-310.pyc
byte-compiling /home/zeta/rmf_demos_server/fsm_waypoint/install/fsm_waypoint/lib/python3.10/site-packages/fsm_waypoint/states/subscriber/CheckGlobalCostmap.py to CheckGlobalCostmap.cpython-310.pyc
byte-compiling /home/zeta/rmf_demos_server/fsm_waypoint/install/fsm_waypoint/lib/python3.10/site-packages/fsm_waypoint/states/subscriber/GetRobotHeading.py to GetRobotHeading.cpython-310.pyc
byte-compiling /home/zeta/rmf_demos_server/fsm_waypoint/install/fsm_waypoint/lib/python3.10/site-packages/fsm_waypoint/states/lib/CheckPingNetwork.py to CheckPingNetwork.cpython-310.pyc
byte-compiling /home/zeta/rmf_demos_server/fsm_waypoint/install/fsm_waypoint/lib/python3.10/site-packages/fsm_waypoint/states/lib/CheckLifecycleStates.py to CheckLifecycleStates.cpython-310.pyc
byte-compiling /home/zeta/rmf_demos_server/fsm_waypoint/install/fsm_waypoint/lib/python3.10/site-packages/fsm_waypoint/states/lib/PreemptedTimeout.py to PreemptedTimeout.cpython-310.pyc
byte-compiling /home/zeta/rmf_demos_server/fsm_waypoint/install/fsm_waypoint/lib/python3.10/site-packages/fsm_waypoint/states/lib/__init__.py to __init__.cpython-310.pyc
byte-compiling /home/zeta/rmf_demos_server/fsm_waypoint/install/fsm_waypoint/lib/python3.10/site-packages/fsm_waypoint/states/lib/CalculateBearing.py to CalculateBearing.cpython-310.pyc
byte-compiling /home/zeta/rmf_demos_server/fsm_waypoint/install/fsm_waypoint/lib/python3.10/site-packages/fsm_waypoint/states/lib/RunSpinOnce.py to RunSpinOnce.cpython-310.pyc
byte-compiling /home/zeta/rmf_demos_server/fsm_waypoint/install/fsm_waypoint/lib/python3.10/site-packages/fsm_waypoint/states/lib/UpdateWaypoint.py to UpdateWaypoint.cpython-310.pyc
byte-compiling /home/zeta/rmf_demos_server/fsm_waypoint/install/fsm_waypoint/lib/python3.10/site-packages/fsm_waypoint/states/lib/LoadingWaypoints.py to LoadingWaypoints.cpython-310.pyc
byte-compiling /home/zeta/rmf_demos_server/fsm_waypoint/install/fsm_waypoint/lib/python3.10/site-packages/fsm_waypoint/states/lib/CreateWaypoint.py to CreateWaypoint.cpython-310.pyc
byte-compiling /home/zeta/rmf_demos_server/fsm_waypoint/install/fsm_waypoint/lib/python3.10/site-packages/fsm_waypoint/fsm_waypoint_node.py to fsm_waypoint_node.cpython-310.pyc
byte-compiling /home/zeta/rmf_demos_server/fsm_waypoint/install/fsm_waypoint/lib/python3.10/site-packages/fsm_waypoint/utils/concurrence_callback.py to concurrence_callback.cpython-310.pyc
byte-compiling /home/zeta/rmf_demos_server/fsm_waypoint/install/fsm_waypoint/lib/python3.10/site-packages/fsm_waypoint/utils/logger2.py to logger2.cpython-310.pyc
byte-compiling /home/zeta/rmf_demos_server/fsm_waypoint/install/fsm_waypoint/lib/python3.10/site-packages/fsm_waypoint/utils/__init__.py to __init__.cpython-310.pyc
byte-compiling /home/zeta/rmf_demos_server/fsm_waypoint/install/fsm_waypoint/lib/python3.10/site-packages/fsm_waypoint/utils/blackboard.py to blackboard.cpython-310.pyc
byte-compiling /home/zeta/rmf_demos_server/fsm_waypoint/install/fsm_waypoint/lib/python3.10/site-packages/fsm_waypoint/utils/gps_utils.py to gps_utils.cpython-310.pyc
byte-compiling /home/zeta/rmf_demos_server/fsm_waypoint/install/fsm_waypoint/lib/python3.10/site-packages/fsm_waypoint/scenario/obstacle.py to obstacle.cpython-310.pyc
byte-compiling /home/zeta/rmf_demos_server/fsm_waypoint/install/fsm_waypoint/lib/python3.10/site-packages/fsm_waypoint/scenario/update.py to update.cpython-310.pyc
byte-compiling /home/zeta/rmf_demos_server/fsm_waypoint/install/fsm_waypoint/lib/python3.10/site-packages/fsm_waypoint/scenario/waypoint.py to waypoint.cpython-310.pyc
byte-compiling /home/zeta/rmf_demos_server/fsm_waypoint/install/fsm_waypoint/lib/python3.10/site-packages/fsm_waypoint/scenario/bearing.py to bearing.cpython-310.pyc
byte-compiling /home/zeta/rmf_demos_server/fsm_waypoint/install/fsm_waypoint/lib/python3.10/site-packages/fsm_waypoint/scenario/repath.py to repath.cpython-310.pyc
byte-compiling /home/zeta/rmf_demos_server/fsm_waypoint/install/fsm_waypoint/lib/python3.10/site-packages/fsm_waypoint/scenario/rewaypoint.py to rewaypoint.cpython-310.pyc
byte-compiling /home/zeta/rmf_demos_server/fsm_waypoint/install/fsm_waypoint/lib/python3.10/site-packages/fsm_waypoint/scenario/__init__.py to __init__.cpython-310.pyc
byte-compiling /home/zeta/rmf_demos_server/fsm_waypoint/install/fsm_waypoint/lib/python3.10/site-packages/fsm_waypoint/scenario/create.py to create.cpython-310.pyc
byte-compiling /home/zeta/rmf_demos_server/fsm_waypoint/install/fsm_waypoint/lib/python3.10/site-packages/fsm_waypoint/scenario/bringup.py to bringup.cpython-310.pyc
byte-compiling /home/zeta/rmf_demos_server/fsm_waypoint/install/fsm_waypoint/lib/python3.10/site-packages/fsm_waypoint/scenario/ready.py to ready.cpython-310.pyc
byte-compiling /home/zeta/rmf_demos_server/fsm_waypoint/install/fsm_waypoint/lib/python3.10/site-packages/fsm_waypoint/scenario/path.py to path.cpython-310.pyc
byte-compiling /home/zeta/rmf_demos_server/fsm_waypoint/install/fsm_waypoint/lib/python3.10/site-packages/fsm_waypoint/__init__.py to __init__.cpython-310.pyc
byte-compiling /home/zeta/rmf_demos_server/fsm_waypoint/install/fsm_waypoint/lib/python3.10/site-packages/fsm_waypoint/tasks/wss_command.py to wss_command.cpython-310.pyc
byte-compiling /home/zeta/rmf_demos_server/fsm_waypoint/install/fsm_waypoint/lib/python3.10/site-packages/fsm_waypoint/tasks/emergency_stop.py to emergency_stop.cpython-310.pyc
byte-compiling /home/zeta/rmf_demos_server/fsm_waypoint/install/fsm_waypoint/lib/python3.10/site-packages/fsm_waypoint/tasks/gps_wheel_control.py to gps_wheel_control.cpython-310.pyc
byte-compiling /home/zeta/rmf_demos_server/fsm_waypoint/install/fsm_waypoint/lib/python3.10/site-packages/fsm_waypoint/tasks/update_waypoint.py to update_waypoint.cpython-310.pyc
byte-compiling /home/zeta/rmf_demos_server/fsm_waypoint/install/fsm_waypoint/lib/python3.10/site-packages/fsm_waypoint/tasks/initialize_bearing.py to initialize_bearing.cpython-310.pyc
byte-compiling /home/zeta/rmf_demos_server/fsm_waypoint/install/fsm_waypoint/lib/python3.10/site-packages/fsm_waypoint/tasks/create_waypoint.py to create_waypoint.cpython-310.pyc
byte-compiling /home/zeta/rmf_demos_server/fsm_waypoint/install/fsm_waypoint/lib/python3.10/site-packages/fsm_waypoint/tasks/network_error.py to network_error.cpython-310.pyc
byte-compiling /home/zeta/rmf_demos_server/fsm_waypoint/install/fsm_waypoint/lib/python3.10/site-packages/fsm_waypoint/tasks/follow_gps_path.py to follow_gps_path.cpython-310.pyc
byte-compiling /home/zeta/rmf_demos_server/fsm_waypoint/install/fsm_waypoint/lib/python3.10/site-packages/fsm_waypoint/tasks/__init__.py to __init__.cpython-310.pyc
byte-compiling /home/zeta/rmf_demos_server/fsm_waypoint/install/fsm_waypoint/lib/python3.10/site-packages/fsm_waypoint/tasks/detect_object.py to detect_object.cpython-310.pyc
byte-compiling /home/zeta/rmf_demos_server/fsm_waypoint/install/fsm_waypoint/lib/python3.10/site-packages/fsm_waypoint/tasks/spin_once.py to spin_once.cpython-310.pyc
byte-compiling /home/zeta/rmf_demos_server/fsm_waypoint/install/fsm_waypoint/lib/python3.10/site-packages/fsm_waypoint/tasks/planner_select.py to planner_select.cpython-310.pyc
running install_data
creating /home/zeta/rmf_demos_server/fsm_waypoint/install/fsm_waypoint/share/ament_index
creating /home/zeta/rmf_demos_server/fsm_waypoint/install/fsm_waypoint/share/ament_index/resource_index
creating /home/zeta/rmf_demos_server/fsm_waypoint/install/fsm_waypoint/share/ament_index/resource_index/packages
copying resource/fsm_waypoint -> /home/zeta/rmf_demos_server/fsm_waypoint/install/fsm_waypoint/share/ament_index/resource_index/packages
copying package.xml -> /home/zeta/rmf_demos_server/fsm_waypoint/install/fsm_waypoint/share/fsm_waypoint
creating /home/zeta/rmf_demos_server/fsm_waypoint/install/fsm_waypoint/share/fsm_waypoint/config
running install_egg_info
Copying build/fsm_waypoint/fsm_waypoint.egg-info to /home/zeta/rmf_demos_server/fsm_waypoint/install/fsm_waypoint/lib/python3.10/site-packages/fsm_waypoint-0.0.1-py3.10.egg-info
running install_scripts
Installing fsm_waypoint_node script to /home/zeta/rmf_demos_server/fsm_waypoint/install/fsm_waypoint/lib/fsm_waypoint
writing list of installed files to '/home/zeta/rmf_demos_server/fsm_waypoint/build/fsm_waypoint/install.log'
