/home/zeta/rmf_demos_server/fsm_waypoint/install/fsm_waypoint/lib/python3.10/site-packages/fsm_waypoint/fsm_waypoint_node.py
/home/zeta/rmf_demos_server/fsm_waypoint/install/fsm_waypoint/lib/python3.10/site-packages/fsm_waypoint/__init__.py
/home/zeta/rmf_demos_server/fsm_waypoint/install/fsm_waypoint/lib/python3.10/site-packages/fsm_waypoint/states/__init__.py
/home/zeta/rmf_demos_server/fsm_waypoint/install/fsm_waypoint/lib/python3.10/site-packages/fsm_waypoint/utils/concurrence_callback.py
/home/zeta/rmf_demos_server/fsm_waypoint/install/fsm_waypoint/lib/python3.10/site-packages/fsm_waypoint/utils/logger2.py
/home/zeta/rmf_demos_server/fsm_waypoint/install/fsm_waypoint/lib/python3.10/site-packages/fsm_waypoint/utils/__init__.py
/home/zeta/rmf_demos_server/fsm_waypoint/install/fsm_waypoint/lib/python3.10/site-packages/fsm_waypoint/utils/blackboard.py
/home/zeta/rmf_demos_server/fsm_waypoint/install/fsm_waypoint/lib/python3.10/site-packages/fsm_waypoint/utils/gps_utils.py
/home/zeta/rmf_demos_server/fsm_waypoint/install/fsm_waypoint/lib/python3.10/site-packages/fsm_waypoint/scenario/obstacle.py
/home/zeta/rmf_demos_server/fsm_waypoint/install/fsm_waypoint/lib/python3.10/site-packages/fsm_waypoint/scenario/update.py
/home/zeta/rmf_demos_server/fsm_waypoint/install/fsm_waypoint/lib/python3.10/site-packages/fsm_waypoint/scenario/waypoint.py
/home/zeta/rmf_demos_server/fsm_waypoint/install/fsm_waypoint/lib/python3.10/site-packages/fsm_waypoint/scenario/bearing.py
/home/zeta/rmf_demos_server/fsm_waypoint/install/fsm_waypoint/lib/python3.10/site-packages/fsm_waypoint/scenario/repath.py
/home/zeta/rmf_demos_server/fsm_waypoint/install/fsm_waypoint/lib/python3.10/site-packages/fsm_waypoint/scenario/rewaypoint.py
/home/zeta/rmf_demos_server/fsm_waypoint/install/fsm_waypoint/lib/python3.10/site-packages/fsm_waypoint/scenario/__init__.py
/home/zeta/rmf_demos_server/fsm_waypoint/install/fsm_waypoint/lib/python3.10/site-packages/fsm_waypoint/scenario/create.py
/home/zeta/rmf_demos_server/fsm_waypoint/install/fsm_waypoint/lib/python3.10/site-packages/fsm_waypoint/scenario/bringup.py
/home/zeta/rmf_demos_server/fsm_waypoint/install/fsm_waypoint/lib/python3.10/site-packages/fsm_waypoint/scenario/ready.py
/home/zeta/rmf_demos_server/fsm_waypoint/install/fsm_waypoint/lib/python3.10/site-packages/fsm_waypoint/scenario/path.py
/home/zeta/rmf_demos_server/fsm_waypoint/install/fsm_waypoint/lib/python3.10/site-packages/fsm_waypoint/tasks/wss_command.py
/home/zeta/rmf_demos_server/fsm_waypoint/install/fsm_waypoint/lib/python3.10/site-packages/fsm_waypoint/tasks/emergency_stop.py
/home/zeta/rmf_demos_server/fsm_waypoint/install/fsm_waypoint/lib/python3.10/site-packages/fsm_waypoint/tasks/gps_wheel_control.py
/home/zeta/rmf_demos_server/fsm_waypoint/install/fsm_waypoint/lib/python3.10/site-packages/fsm_waypoint/tasks/update_waypoint.py
/home/zeta/rmf_demos_server/fsm_waypoint/install/fsm_waypoint/lib/python3.10/site-packages/fsm_waypoint/tasks/initialize_bearing.py
/home/zeta/rmf_demos_server/fsm_waypoint/install/fsm_waypoint/lib/python3.10/site-packages/fsm_waypoint/tasks/create_waypoint.py
/home/zeta/rmf_demos_server/fsm_waypoint/install/fsm_waypoint/lib/python3.10/site-packages/fsm_waypoint/tasks/network_error.py
/home/zeta/rmf_demos_server/fsm_waypoint/install/fsm_waypoint/lib/python3.10/site-packages/fsm_waypoint/tasks/follow_gps_path.py
/home/zeta/rmf_demos_server/fsm_waypoint/install/fsm_waypoint/lib/python3.10/site-packages/fsm_waypoint/tasks/__init__.py
/home/zeta/rmf_demos_server/fsm_waypoint/install/fsm_waypoint/lib/python3.10/site-packages/fsm_waypoint/tasks/detect_object.py
/home/zeta/rmf_demos_server/fsm_waypoint/install/fsm_waypoint/lib/python3.10/site-packages/fsm_waypoint/tasks/spin_once.py
/home/zeta/rmf_demos_server/fsm_waypoint/install/fsm_waypoint/lib/python3.10/site-packages/fsm_waypoint/tasks/planner_select.py
/home/zeta/rmf_demos_server/fsm_waypoint/install/fsm_waypoint/lib/python3.10/site-packages/fsm_waypoint/states/navigator/FollowGpsWaypointsByGeopose.py
/home/zeta/rmf_demos_server/fsm_waypoint/install/fsm_waypoint/lib/python3.10/site-packages/fsm_waypoint/states/navigator/GoToPose.py
/home/zeta/rmf_demos_server/fsm_waypoint/install/fsm_waypoint/lib/python3.10/site-packages/fsm_waypoint/states/navigator/RMFGoToPose.py
/home/zeta/rmf_demos_server/fsm_waypoint/install/fsm_waypoint/lib/python3.10/site-packages/fsm_waypoint/states/navigator/GpsWheelControlByCalculation.py
/home/zeta/rmf_demos_server/fsm_waypoint/install/fsm_waypoint/lib/python3.10/site-packages/fsm_waypoint/states/navigator/__init__.py
/home/zeta/rmf_demos_server/fsm_waypoint/install/fsm_waypoint/lib/python3.10/site-packages/fsm_waypoint/states/navigator/RMFNavToPose.py
/home/zeta/rmf_demos_server/fsm_waypoint/install/fsm_waypoint/lib/python3.10/site-packages/fsm_waypoint/states/navigator/FollowGpsWaypointsBySnapshot.py
/home/zeta/rmf_demos_server/fsm_waypoint/install/fsm_waypoint/lib/python3.10/site-packages/fsm_waypoint/states/navigator/GpsWheelControlByWaypoint.py
/home/zeta/rmf_demos_server/fsm_waypoint/install/fsm_waypoint/lib/python3.10/site-packages/fsm_waypoint/states/publisher/RMFRobotState.py
/home/zeta/rmf_demos_server/fsm_waypoint/install/fsm_waypoint/lib/python3.10/site-packages/fsm_waypoint/states/publisher/ChangePlannerSelect.py
/home/zeta/rmf_demos_server/fsm_waypoint/install/fsm_waypoint/lib/python3.10/site-packages/fsm_waypoint/states/publisher/RestartPM2.py
/home/zeta/rmf_demos_server/fsm_waypoint/install/fsm_waypoint/lib/python3.10/site-packages/fsm_waypoint/states/publisher/AccessoryActionClient.py
/home/zeta/rmf_demos_server/fsm_waypoint/install/fsm_waypoint/lib/python3.10/site-packages/fsm_waypoint/states/publisher/SoundPlay.py
/home/zeta/rmf_demos_server/fsm_waypoint/install/fsm_waypoint/lib/python3.10/site-packages/fsm_waypoint/states/publisher/WheelControl.py
/home/zeta/rmf_demos_server/fsm_waypoint/install/fsm_waypoint/lib/python3.10/site-packages/fsm_waypoint/states/publisher/__init__.py
/home/zeta/rmf_demos_server/fsm_waypoint/install/fsm_waypoint/lib/python3.10/site-packages/fsm_waypoint/states/publisher/CaptureImageClient.py
/home/zeta/rmf_demos_server/fsm_waypoint/install/fsm_waypoint/lib/python3.10/site-packages/fsm_waypoint/states/publisher/FleetManager.py
/home/zeta/rmf_demos_server/fsm_waypoint/install/fsm_waypoint/lib/python3.10/site-packages/fsm_waypoint/states/subscriber/GetAccessoryStatus.py
/home/zeta/rmf_demos_server/fsm_waypoint/install/fsm_waypoint/lib/python3.10/site-packages/fsm_waypoint/states/subscriber/CheckReleaseFromRecovery.py
/home/zeta/rmf_demos_server/fsm_waypoint/install/fsm_waypoint/lib/python3.10/site-packages/fsm_waypoint/states/subscriber/GetRobotID.py
/home/zeta/rmf_demos_server/fsm_waypoint/install/fsm_waypoint/lib/python3.10/site-packages/fsm_waypoint/states/subscriber/GetWssNavFnCommand.py
/home/zeta/rmf_demos_server/fsm_waypoint/install/fsm_waypoint/lib/python3.10/site-packages/fsm_waypoint/states/subscriber/CheckAccuracy.py
/home/zeta/rmf_demos_server/fsm_waypoint/install/fsm_waypoint/lib/python3.10/site-packages/fsm_waypoint/states/subscriber/GetBumperEmergency.py
/home/zeta/rmf_demos_server/fsm_waypoint/install/fsm_waypoint/lib/python3.10/site-packages/fsm_waypoint/states/subscriber/GetA012Emergency.py
/home/zeta/rmf_demos_server/fsm_waypoint/install/fsm_waypoint/lib/python3.10/site-packages/fsm_waypoint/states/subscriber/GetWssCancelCommand.py
/home/zeta/rmf_demos_server/fsm_waypoint/install/fsm_waypoint/lib/python3.10/site-packages/fsm_waypoint/states/subscriber/GetA012Release.py
/home/zeta/rmf_demos_server/fsm_waypoint/install/fsm_waypoint/lib/python3.10/site-packages/fsm_waypoint/states/subscriber/CheckObjectDetect.py
/home/zeta/rmf_demos_server/fsm_waypoint/install/fsm_waypoint/lib/python3.10/site-packages/fsm_waypoint/states/subscriber/GetBumperRelease.py
/home/zeta/rmf_demos_server/fsm_waypoint/install/fsm_waypoint/lib/python3.10/site-packages/fsm_waypoint/states/subscriber/GetNetworkStatus.py
/home/zeta/rmf_demos_server/fsm_waypoint/install/fsm_waypoint/lib/python3.10/site-packages/fsm_waypoint/states/subscriber/GetWssCommand.py
/home/zeta/rmf_demos_server/fsm_waypoint/install/fsm_waypoint/lib/python3.10/site-packages/fsm_waypoint/states/subscriber/__init__.py
/home/zeta/rmf_demos_server/fsm_waypoint/install/fsm_waypoint/lib/python3.10/site-packages/fsm_waypoint/states/subscriber/RobotStateSubscriber.py
/home/zeta/rmf_demos_server/fsm_waypoint/install/fsm_waypoint/lib/python3.10/site-packages/fsm_waypoint/states/subscriber/CheckAlertFromRecovery.py
/home/zeta/rmf_demos_server/fsm_waypoint/install/fsm_waypoint/lib/python3.10/site-packages/fsm_waypoint/states/subscriber/GetGpsFiltered.py
/home/zeta/rmf_demos_server/fsm_waypoint/install/fsm_waypoint/lib/python3.10/site-packages/fsm_waypoint/states/subscriber/CheckGlobalCostmap.py
/home/zeta/rmf_demos_server/fsm_waypoint/install/fsm_waypoint/lib/python3.10/site-packages/fsm_waypoint/states/subscriber/GetRobotHeading.py
/home/zeta/rmf_demos_server/fsm_waypoint/install/fsm_waypoint/lib/python3.10/site-packages/fsm_waypoint/states/lib/CheckPingNetwork.py
/home/zeta/rmf_demos_server/fsm_waypoint/install/fsm_waypoint/lib/python3.10/site-packages/fsm_waypoint/states/lib/CheckLifecycleStates.py
/home/zeta/rmf_demos_server/fsm_waypoint/install/fsm_waypoint/lib/python3.10/site-packages/fsm_waypoint/states/lib/PreemptedTimeout.py
/home/zeta/rmf_demos_server/fsm_waypoint/install/fsm_waypoint/lib/python3.10/site-packages/fsm_waypoint/states/lib/__init__.py
/home/zeta/rmf_demos_server/fsm_waypoint/install/fsm_waypoint/lib/python3.10/site-packages/fsm_waypoint/states/lib/CalculateBearing.py
/home/zeta/rmf_demos_server/fsm_waypoint/install/fsm_waypoint/lib/python3.10/site-packages/fsm_waypoint/states/lib/RunSpinOnce.py
/home/zeta/rmf_demos_server/fsm_waypoint/install/fsm_waypoint/lib/python3.10/site-packages/fsm_waypoint/states/lib/UpdateWaypoint.py
/home/zeta/rmf_demos_server/fsm_waypoint/install/fsm_waypoint/lib/python3.10/site-packages/fsm_waypoint/states/lib/LoadingWaypoints.py
/home/zeta/rmf_demos_server/fsm_waypoint/install/fsm_waypoint/lib/python3.10/site-packages/fsm_waypoint/states/lib/CreateWaypoint.py
/home/zeta/rmf_demos_server/fsm_waypoint/install/fsm_waypoint/lib/python3.10/site-packages/fsm_waypoint/__pycache__/fsm_waypoint_node.cpython-310.pyc
/home/zeta/rmf_demos_server/fsm_waypoint/install/fsm_waypoint/lib/python3.10/site-packages/fsm_waypoint/__pycache__/__init__.cpython-310.pyc
/home/zeta/rmf_demos_server/fsm_waypoint/install/fsm_waypoint/lib/python3.10/site-packages/fsm_waypoint/states/__pycache__/__init__.cpython-310.pyc
/home/zeta/rmf_demos_server/fsm_waypoint/install/fsm_waypoint/lib/python3.10/site-packages/fsm_waypoint/utils/__pycache__/concurrence_callback.cpython-310.pyc
/home/zeta/rmf_demos_server/fsm_waypoint/install/fsm_waypoint/lib/python3.10/site-packages/fsm_waypoint/utils/__pycache__/logger2.cpython-310.pyc
/home/zeta/rmf_demos_server/fsm_waypoint/install/fsm_waypoint/lib/python3.10/site-packages/fsm_waypoint/utils/__pycache__/__init__.cpython-310.pyc
/home/zeta/rmf_demos_server/fsm_waypoint/install/fsm_waypoint/lib/python3.10/site-packages/fsm_waypoint/utils/__pycache__/blackboard.cpython-310.pyc
/home/zeta/rmf_demos_server/fsm_waypoint/install/fsm_waypoint/lib/python3.10/site-packages/fsm_waypoint/utils/__pycache__/gps_utils.cpython-310.pyc
/home/zeta/rmf_demos_server/fsm_waypoint/install/fsm_waypoint/lib/python3.10/site-packages/fsm_waypoint/scenario/__pycache__/obstacle.cpython-310.pyc
/home/zeta/rmf_demos_server/fsm_waypoint/install/fsm_waypoint/lib/python3.10/site-packages/fsm_waypoint/scenario/__pycache__/update.cpython-310.pyc
/home/zeta/rmf_demos_server/fsm_waypoint/install/fsm_waypoint/lib/python3.10/site-packages/fsm_waypoint/scenario/__pycache__/waypoint.cpython-310.pyc
/home/zeta/rmf_demos_server/fsm_waypoint/install/fsm_waypoint/lib/python3.10/site-packages/fsm_waypoint/scenario/__pycache__/bearing.cpython-310.pyc
/home/zeta/rmf_demos_server/fsm_waypoint/install/fsm_waypoint/lib/python3.10/site-packages/fsm_waypoint/scenario/__pycache__/repath.cpython-310.pyc
/home/zeta/rmf_demos_server/fsm_waypoint/install/fsm_waypoint/lib/python3.10/site-packages/fsm_waypoint/scenario/__pycache__/rewaypoint.cpython-310.pyc
/home/zeta/rmf_demos_server/fsm_waypoint/install/fsm_waypoint/lib/python3.10/site-packages/fsm_waypoint/scenario/__pycache__/__init__.cpython-310.pyc
/home/zeta/rmf_demos_server/fsm_waypoint/install/fsm_waypoint/lib/python3.10/site-packages/fsm_waypoint/scenario/__pycache__/create.cpython-310.pyc
/home/zeta/rmf_demos_server/fsm_waypoint/install/fsm_waypoint/lib/python3.10/site-packages/fsm_waypoint/scenario/__pycache__/bringup.cpython-310.pyc
/home/zeta/rmf_demos_server/fsm_waypoint/install/fsm_waypoint/lib/python3.10/site-packages/fsm_waypoint/scenario/__pycache__/ready.cpython-310.pyc
/home/zeta/rmf_demos_server/fsm_waypoint/install/fsm_waypoint/lib/python3.10/site-packages/fsm_waypoint/scenario/__pycache__/path.cpython-310.pyc
/home/zeta/rmf_demos_server/fsm_waypoint/install/fsm_waypoint/lib/python3.10/site-packages/fsm_waypoint/tasks/__pycache__/wss_command.cpython-310.pyc
/home/zeta/rmf_demos_server/fsm_waypoint/install/fsm_waypoint/lib/python3.10/site-packages/fsm_waypoint/tasks/__pycache__/emergency_stop.cpython-310.pyc
/home/zeta/rmf_demos_server/fsm_waypoint/install/fsm_waypoint/lib/python3.10/site-packages/fsm_waypoint/tasks/__pycache__/gps_wheel_control.cpython-310.pyc
/home/zeta/rmf_demos_server/fsm_waypoint/install/fsm_waypoint/lib/python3.10/site-packages/fsm_waypoint/tasks/__pycache__/update_waypoint.cpython-310.pyc
/home/zeta/rmf_demos_server/fsm_waypoint/install/fsm_waypoint/lib/python3.10/site-packages/fsm_waypoint/tasks/__pycache__/initialize_bearing.cpython-310.pyc
/home/zeta/rmf_demos_server/fsm_waypoint/install/fsm_waypoint/lib/python3.10/site-packages/fsm_waypoint/tasks/__pycache__/create_waypoint.cpython-310.pyc
/home/zeta/rmf_demos_server/fsm_waypoint/install/fsm_waypoint/lib/python3.10/site-packages/fsm_waypoint/tasks/__pycache__/network_error.cpython-310.pyc
/home/zeta/rmf_demos_server/fsm_waypoint/install/fsm_waypoint/lib/python3.10/site-packages/fsm_waypoint/tasks/__pycache__/follow_gps_path.cpython-310.pyc
/home/zeta/rmf_demos_server/fsm_waypoint/install/fsm_waypoint/lib/python3.10/site-packages/fsm_waypoint/tasks/__pycache__/__init__.cpython-310.pyc
/home/zeta/rmf_demos_server/fsm_waypoint/install/fsm_waypoint/lib/python3.10/site-packages/fsm_waypoint/tasks/__pycache__/detect_object.cpython-310.pyc
/home/zeta/rmf_demos_server/fsm_waypoint/install/fsm_waypoint/lib/python3.10/site-packages/fsm_waypoint/tasks/__pycache__/spin_once.cpython-310.pyc
/home/zeta/rmf_demos_server/fsm_waypoint/install/fsm_waypoint/lib/python3.10/site-packages/fsm_waypoint/tasks/__pycache__/planner_select.cpython-310.pyc
/home/zeta/rmf_demos_server/fsm_waypoint/install/fsm_waypoint/lib/python3.10/site-packages/fsm_waypoint/states/navigator/__pycache__/FollowGpsWaypointsByGeopose.cpython-310.pyc
/home/zeta/rmf_demos_server/fsm_waypoint/install/fsm_waypoint/lib/python3.10/site-packages/fsm_waypoint/states/navigator/__pycache__/GoToPose.cpython-310.pyc
/home/zeta/rmf_demos_server/fsm_waypoint/install/fsm_waypoint/lib/python3.10/site-packages/fsm_waypoint/states/navigator/__pycache__/RMFGoToPose.cpython-310.pyc
/home/zeta/rmf_demos_server/fsm_waypoint/install/fsm_waypoint/lib/python3.10/site-packages/fsm_waypoint/states/navigator/__pycache__/GpsWheelControlByCalculation.cpython-310.pyc
/home/zeta/rmf_demos_server/fsm_waypoint/install/fsm_waypoint/lib/python3.10/site-packages/fsm_waypoint/states/navigator/__pycache__/__init__.cpython-310.pyc
/home/zeta/rmf_demos_server/fsm_waypoint/install/fsm_waypoint/lib/python3.10/site-packages/fsm_waypoint/states/navigator/__pycache__/RMFNavToPose.cpython-310.pyc
/home/zeta/rmf_demos_server/fsm_waypoint/install/fsm_waypoint/lib/python3.10/site-packages/fsm_waypoint/states/navigator/__pycache__/FollowGpsWaypointsBySnapshot.cpython-310.pyc
/home/zeta/rmf_demos_server/fsm_waypoint/install/fsm_waypoint/lib/python3.10/site-packages/fsm_waypoint/states/navigator/__pycache__/GpsWheelControlByWaypoint.cpython-310.pyc
/home/zeta/rmf_demos_server/fsm_waypoint/install/fsm_waypoint/lib/python3.10/site-packages/fsm_waypoint/states/publisher/__pycache__/RMFRobotState.cpython-310.pyc
/home/zeta/rmf_demos_server/fsm_waypoint/install/fsm_waypoint/lib/python3.10/site-packages/fsm_waypoint/states/publisher/__pycache__/ChangePlannerSelect.cpython-310.pyc
/home/zeta/rmf_demos_server/fsm_waypoint/install/fsm_waypoint/lib/python3.10/site-packages/fsm_waypoint/states/publisher/__pycache__/RestartPM2.cpython-310.pyc
/home/zeta/rmf_demos_server/fsm_waypoint/install/fsm_waypoint/lib/python3.10/site-packages/fsm_waypoint/states/publisher/__pycache__/AccessoryActionClient.cpython-310.pyc
/home/zeta/rmf_demos_server/fsm_waypoint/install/fsm_waypoint/lib/python3.10/site-packages/fsm_waypoint/states/publisher/__pycache__/SoundPlay.cpython-310.pyc
/home/zeta/rmf_demos_server/fsm_waypoint/install/fsm_waypoint/lib/python3.10/site-packages/fsm_waypoint/states/publisher/__pycache__/WheelControl.cpython-310.pyc
/home/zeta/rmf_demos_server/fsm_waypoint/install/fsm_waypoint/lib/python3.10/site-packages/fsm_waypoint/states/publisher/__pycache__/__init__.cpython-310.pyc
/home/zeta/rmf_demos_server/fsm_waypoint/install/fsm_waypoint/lib/python3.10/site-packages/fsm_waypoint/states/publisher/__pycache__/CaptureImageClient.cpython-310.pyc
/home/zeta/rmf_demos_server/fsm_waypoint/install/fsm_waypoint/lib/python3.10/site-packages/fsm_waypoint/states/publisher/__pycache__/FleetManager.cpython-310.pyc
/home/zeta/rmf_demos_server/fsm_waypoint/install/fsm_waypoint/lib/python3.10/site-packages/fsm_waypoint/states/subscriber/__pycache__/GetAccessoryStatus.cpython-310.pyc
/home/zeta/rmf_demos_server/fsm_waypoint/install/fsm_waypoint/lib/python3.10/site-packages/fsm_waypoint/states/subscriber/__pycache__/CheckReleaseFromRecovery.cpython-310.pyc
/home/zeta/rmf_demos_server/fsm_waypoint/install/fsm_waypoint/lib/python3.10/site-packages/fsm_waypoint/states/subscriber/__pycache__/GetRobotID.cpython-310.pyc
/home/zeta/rmf_demos_server/fsm_waypoint/install/fsm_waypoint/lib/python3.10/site-packages/fsm_waypoint/states/subscriber/__pycache__/GetWssNavFnCommand.cpython-310.pyc
/home/zeta/rmf_demos_server/fsm_waypoint/install/fsm_waypoint/lib/python3.10/site-packages/fsm_waypoint/states/subscriber/__pycache__/CheckAccuracy.cpython-310.pyc
/home/zeta/rmf_demos_server/fsm_waypoint/install/fsm_waypoint/lib/python3.10/site-packages/fsm_waypoint/states/subscriber/__pycache__/GetBumperEmergency.cpython-310.pyc
/home/zeta/rmf_demos_server/fsm_waypoint/install/fsm_waypoint/lib/python3.10/site-packages/fsm_waypoint/states/subscriber/__pycache__/GetA012Emergency.cpython-310.pyc
/home/zeta/rmf_demos_server/fsm_waypoint/install/fsm_waypoint/lib/python3.10/site-packages/fsm_waypoint/states/subscriber/__pycache__/GetWssCancelCommand.cpython-310.pyc
/home/zeta/rmf_demos_server/fsm_waypoint/install/fsm_waypoint/lib/python3.10/site-packages/fsm_waypoint/states/subscriber/__pycache__/GetA012Release.cpython-310.pyc
/home/zeta/rmf_demos_server/fsm_waypoint/install/fsm_waypoint/lib/python3.10/site-packages/fsm_waypoint/states/subscriber/__pycache__/CheckObjectDetect.cpython-310.pyc
/home/zeta/rmf_demos_server/fsm_waypoint/install/fsm_waypoint/lib/python3.10/site-packages/fsm_waypoint/states/subscriber/__pycache__/GetBumperRelease.cpython-310.pyc
/home/zeta/rmf_demos_server/fsm_waypoint/install/fsm_waypoint/lib/python3.10/site-packages/fsm_waypoint/states/subscriber/__pycache__/GetNetworkStatus.cpython-310.pyc
/home/zeta/rmf_demos_server/fsm_waypoint/install/fsm_waypoint/lib/python3.10/site-packages/fsm_waypoint/states/subscriber/__pycache__/GetWssCommand.cpython-310.pyc
/home/zeta/rmf_demos_server/fsm_waypoint/install/fsm_waypoint/lib/python3.10/site-packages/fsm_waypoint/states/subscriber/__pycache__/__init__.cpython-310.pyc
/home/zeta/rmf_demos_server/fsm_waypoint/install/fsm_waypoint/lib/python3.10/site-packages/fsm_waypoint/states/subscriber/__pycache__/RobotStateSubscriber.cpython-310.pyc
/home/zeta/rmf_demos_server/fsm_waypoint/install/fsm_waypoint/lib/python3.10/site-packages/fsm_waypoint/states/subscriber/__pycache__/CheckAlertFromRecovery.cpython-310.pyc
/home/zeta/rmf_demos_server/fsm_waypoint/install/fsm_waypoint/lib/python3.10/site-packages/fsm_waypoint/states/subscriber/__pycache__/GetGpsFiltered.cpython-310.pyc
/home/zeta/rmf_demos_server/fsm_waypoint/install/fsm_waypoint/lib/python3.10/site-packages/fsm_waypoint/states/subscriber/__pycache__/CheckGlobalCostmap.cpython-310.pyc
/home/zeta/rmf_demos_server/fsm_waypoint/install/fsm_waypoint/lib/python3.10/site-packages/fsm_waypoint/states/subscriber/__pycache__/GetRobotHeading.cpython-310.pyc
/home/zeta/rmf_demos_server/fsm_waypoint/install/fsm_waypoint/lib/python3.10/site-packages/fsm_waypoint/states/lib/__pycache__/CheckPingNetwork.cpython-310.pyc
/home/zeta/rmf_demos_server/fsm_waypoint/install/fsm_waypoint/lib/python3.10/site-packages/fsm_waypoint/states/lib/__pycache__/CheckLifecycleStates.cpython-310.pyc
/home/zeta/rmf_demos_server/fsm_waypoint/install/fsm_waypoint/lib/python3.10/site-packages/fsm_waypoint/states/lib/__pycache__/PreemptedTimeout.cpython-310.pyc
/home/zeta/rmf_demos_server/fsm_waypoint/install/fsm_waypoint/lib/python3.10/site-packages/fsm_waypoint/states/lib/__pycache__/__init__.cpython-310.pyc
/home/zeta/rmf_demos_server/fsm_waypoint/install/fsm_waypoint/lib/python3.10/site-packages/fsm_waypoint/states/lib/__pycache__/CalculateBearing.cpython-310.pyc
/home/zeta/rmf_demos_server/fsm_waypoint/install/fsm_waypoint/lib/python3.10/site-packages/fsm_waypoint/states/lib/__pycache__/RunSpinOnce.cpython-310.pyc
/home/zeta/rmf_demos_server/fsm_waypoint/install/fsm_waypoint/lib/python3.10/site-packages/fsm_waypoint/states/lib/__pycache__/UpdateWaypoint.cpython-310.pyc
/home/zeta/rmf_demos_server/fsm_waypoint/install/fsm_waypoint/lib/python3.10/site-packages/fsm_waypoint/states/lib/__pycache__/LoadingWaypoints.cpython-310.pyc
/home/zeta/rmf_demos_server/fsm_waypoint/install/fsm_waypoint/lib/python3.10/site-packages/fsm_waypoint/states/lib/__pycache__/CreateWaypoint.cpython-310.pyc
/home/zeta/rmf_demos_server/fsm_waypoint/install/fsm_waypoint/share/ament_index/resource_index/packages/fsm_waypoint
/home/zeta/rmf_demos_server/fsm_waypoint/install/fsm_waypoint/share/fsm_waypoint/package.xml
/home/zeta/rmf_demos_server/fsm_waypoint/install/fsm_waypoint/share/fsm_waypoint/config
/home/zeta/rmf_demos_server/fsm_waypoint/install/fsm_waypoint/lib/python3.10/site-packages/fsm_waypoint-0.0.1-py3.10.egg-info/entry_points.txt
/home/zeta/rmf_demos_server/fsm_waypoint/install/fsm_waypoint/lib/python3.10/site-packages/fsm_waypoint-0.0.1-py3.10.egg-info/zip-safe
/home/zeta/rmf_demos_server/fsm_waypoint/install/fsm_waypoint/lib/python3.10/site-packages/fsm_waypoint-0.0.1-py3.10.egg-info/top_level.txt
/home/zeta/rmf_demos_server/fsm_waypoint/install/fsm_waypoint/lib/python3.10/site-packages/fsm_waypoint-0.0.1-py3.10.egg-info/requires.txt
/home/zeta/rmf_demos_server/fsm_waypoint/install/fsm_waypoint/lib/python3.10/site-packages/fsm_waypoint-0.0.1-py3.10.egg-info/dependency_links.txt
/home/zeta/rmf_demos_server/fsm_waypoint/install/fsm_waypoint/lib/python3.10/site-packages/fsm_waypoint-0.0.1-py3.10.egg-info/PKG-INFO
/home/zeta/rmf_demos_server/fsm_waypoint/install/fsm_waypoint/lib/python3.10/site-packages/fsm_waypoint-0.0.1-py3.10.egg-info/SOURCES.txt
/home/zeta/rmf_demos_server/fsm_waypoint/install/fsm_waypoint/lib/fsm_waypoint/fsm_waypoint_node
